<?xml version="1.0" encoding="UTF-8"?>
<!-- Generated by org.testng.reporters.JUnitXMLReporter -->
<testsuite ignored="0" hostname="LAPTOP-DN31N8B6" failures="0" tests="4" name="Default test" time="3.149" errors="0" timestamp="2021-02-26T11:40:05 IST">
  <testcase classname="Scenarios.Scenario3" name="test1" time="0.513"/>
  <testcase classname="Scenarios.Scenario3" name="test2" time="1.067"/>
  <testcase classname="Scenarios.Scenario3" name="test3" time="0.51"/>
  <testcase classname="Scenarios.Scenario3" name="test4" time="0.997"/>
</testsuite> <!-- Default test -->
